# JRE version: OpenJDK Runtime Environment (8.0_181-b13) (build 1.8.0_181-8u181-b13-0ubuntu0.16.04.1-b13)
# Java VM: OpenJDK 64-Bit Server VM (25.181-b13 mixed mode linux-amd64 compressed oops)
Heap:
 def new generation   total 15936K, used 0K [0x00000000c0000000, 0x00000000c1140000, 0x00000000d5550000)
  eden space 14208K,   0% used [0x00000000c0000000, 0x00000000c0000000, 0x00000000c0de0000)
  from space 1728K,   0% used [0x00000000c0de0000, 0x00000000c0de0000, 0x00000000c0f90000)
  to   space 1728K,   0% used [0x00000000c0f90000, 0x00000000c0f90000, 0x00000000c1140000)
 tenured generation   total 35172K, used 21101K [0x00000000d5550000, 0x00000000d77a9000, 0x0000000100000000)
   the space 35172K,  59% used [0x00000000d5550000, 0x00000000d69eb6d0, 0x00000000d69eb800, 0x00000000d77a9000)
 Metaspace       used 66167K, capacity 66932K, committed 67160K, reserved 1105920K
  class space    used 9519K, capacity 9696K, committed 9816K, reserved 1048576K
GC Heap History (10 events):
Event: 23.280 GC heap before
{Heap before GC invocations=152 (full 5):
 def new generation   total 15552K, used 15552K [0x00000000c0000000, 0x00000000c10d0000, 0x00000000d5550000)
  eden space 13888K, 100% used [0x00000000c0000000, 0x00000000c0d90000, 0x00000000c0d90000)
  from space 1664K, 100% used [0x00000000c0f30000, 0x00000000c10d0000, 0x00000000c10d0000)
  to   space 1664K,   0% used [0x00000000c0d90000, 0x00000000c0d90000, 0x00000000c0f30000)
 tenured generation   total 34320K, used 21277K [0x00000000d5550000, 0x00000000d76d4000, 0x0000000100000000)
   the space 34320K,  61% used [0x00000000d5550000, 0x00000000d6a176a0, 0x00000000d6a17800, 0x00000000d76d4000)
 Metaspace       used 65515K, capacity 66288K, committed 66520K, reserved 1105920K
  class space    used 9478K, capacity 9656K, committed 9688K, reserved 1048576K
Event: 23.291 GC heap after
Heap after GC invocations=153 (full 5):
 def new generation   total 15552K, used 1664K [0x00000000c0000000, 0x00000000c10d0000, 0x00000000d5550000)
  eden space 13888K,   0% used [0x00000000c0000000, 0x00000000c0000000, 0x00000000c0d90000)
  from space 1664K, 100% used [0x00000000c0d90000, 0x00000000c0f30000, 0x00000000c0f30000)
  to   space 1664K,   0% used [0x00000000c0f30000, 0x00000000c0f30000, 0x00000000c10d0000)
 tenured generation   total 34320K, used 22853K [0x00000000d5550000, 0x00000000d76d4000, 0x0000000100000000)
   the space 34320K,  66% used [0x00000000d5550000, 0x00000000d6ba17d0, 0x00000000d6ba1800, 0x00000000d76d4000)
 Metaspace       used 65515K, capacity 66288K, committed 66520K, reserved 1105920K
  class space    used 9478K, capacity 9656K, committed 9688K, reserved 1048576K
}
Event: 23.683 GC heap before
{Heap before GC invocations=153 (full 5):
 def new generation   total 15552K, used 15552K [0x00000000c0000000, 0x00000000c10d0000, 0x00000000d5550000)
  eden space 13888K, 100% used [0x00000000c0000000, 0x00000000c0d90000, 0x00000000c0d90000)
  from space 1664K, 100% used [0x00000000c0d90000, 0x00000000c0f30000, 0x00000000c0f30000)
  to   space 1664K,   0% used [0x00000000c0f30000, 0x00000000c0f30000, 0x00000000c10d0000)
 tenured generation   total 34320K, used 22853K [0x00000000d5550000, 0x00000000d76d4000, 0x0000000100000000)
   the space 34320K,  66% used [0x00000000d5550000, 0x00000000d6ba17d0, 0x00000000d6ba1800, 0x00000000d76d4000)
 Metaspace       used 65691K, capacity 66416K, committed 66520K, reserved 1105920K
  class space    used 9478K, capacity 9656K, committed 9688K, reserved 1048576K
Event: 23.722 GC heap after
Heap after GC invocations=154 (full 5):
 def new generation   total 15552K, used 1664K [0x00000000c0000000, 0x00000000c10d0000, 0x00000000d5550000)
  eden space 13888K,   0% used [0x00000000c0000000, 0x00000000c0000000, 0x00000000c0d90000)
  from space 1664K, 100% used [0x00000000c0f30000, 0x00000000c10d0000, 0x00000000c10d0000)
  to   space 1664K,   0% used [0x00000000c0d90000, 0x00000000c0d90000, 0x00000000c0f30000)
 tenured generation   total 34320K, used 25319K [0x00000000d5550000, 0x00000000d76d4000, 0x0000000100000000)
   the space 34320K,  73% used [0x00000000d5550000, 0x00000000d6e09c18, 0x00000000d6e09e00, 0x00000000d76d4000)
 Metaspace       used 65691K, capacity 66416K, committed 66520K, reserved 1105920K
  class space    used 9478K, capacity 9656K, committed 9688K, reserved 1048576K
}
Event: 23.965 GC heap before
{Heap before GC invocations=154 (full 5):
 def new generation   total 15552K, used 15552K [0x00000000c0000000, 0x00000000c10d0000, 0x00000000d5550000)
  eden space 13888K, 100% used [0x00000000c0000000, 0x00000000c0d90000, 0x00000000c0d90000)
  from space 1664K, 100% used [0x00000000c0f30000, 0x00000000c10d0000, 0x00000000c10d0000)
  to   space 1664K,   0% used [0x00000000c0d90000, 0x00000000c0d90000, 0x00000000c0f30000)
 tenured generation   total 34320K, used 25319K [0x00000000d5550000, 0x00000000d76d4000, 0x0000000100000000)
   the space 34320K,  73% used [0x00000000d5550000, 0x00000000d6e09c18, 0x00000000d6e09e00, 0x00000000d76d4000)
 Metaspace       used 65966K, capacity 66722K, committed 66904K, reserved 1105920K
  class space    used 9498K, capacity 9694K, committed 9816K, reserved 1048576K
Event: 23.984 GC heap after
Heap after GC invocations=155 (full 5):
 def new generation   total 15552K, used 1228K [0x00000000c0000000, 0x00000000c10d0000, 0x00000000d5550000)
  eden space 13888K,   0% used [0x00000000c0000000, 0x00000000c0000000, 0x00000000c0d90000)
  from space 1664K,  73% used [0x00000000c0d90000, 0x00000000c0ec3228, 0x00000000c0f30000)
  to   space 1664K,   0% used [0x00000000c0f30000, 0x00000000c0f30000, 0x00000000c10d0000)
 tenured generation   total 34320K, used 26980K [0x00000000d5550000, 0x00000000d76d4000, 0x0000000100000000)
   the space 34320K,  78% used [0x00000000d5550000, 0x00000000d6fa93f8, 0x00000000d6fa9400, 0x00000000d76d4000)
 Metaspace       used 65966K, capacity 66722K, committed 66904K, reserved 1105920K
  class space    used 9498K, capacity 9694K, committed 9816K, reserved 1048576K
}
Event: 24.184 GC heap before
{Heap before GC invocations=155 (full 5):
 def new generation   total 15552K, used 15060K [0x00000000c0000000, 0x00000000c10d0000, 0x00000000d5550000)
  eden space 13888K,  99% used [0x00000000c0000000, 0x00000000c0d82000, 0x00000000c0d90000)
  from space 1664K,  73% used [0x00000000c0d90000, 0x00000000c0ec3228, 0x00000000c0f30000)
  to   space 1664K,   0% used [0x00000000c0f30000, 0x00000000c0f30000, 0x00000000c10d0000)
 tenured generation   total 34320K, used 26980K [0x00000000d5550000, 0x00000000d76d4000, 0x0000000100000000)
   the space 34320K,  78% used [0x00000000d5550000, 0x00000000d6fa93f8, 0x00000000d6fa9400, 0x00000000d76d4000)
 Metaspace       used 66152K, capacity 66932K, committed 67160K, reserved 1105920K
  class space    used 9517K, capacity 9696K, committed 9816K, reserved 1048576K
Event: 24.190 GC heap after
Heap after GC invocations=156 (full 5):
 def new generation   total 15552K, used 628K [0x00000000c0000000, 0x00000000c10d0000, 0x00000000d5550000)
  eden space 13888K,   0% used [0x00000000c0000000, 0x00000000c0000000, 0x00000000c0d90000)
  from space 1664K,  37% used [0x00000000c0f30000, 0x00000000c0fcd2a8, 0x00000000c10d0000)
  to   space 1664K,   0% used [0x00000000c0d90000, 0x00000000c0d90000, 0x00000000c0f30000)
 tenured generation   total 34320K, used 27756K [0x00000000d5550000, 0x00000000d76d4000, 0x0000000100000000)
   the space 34320K,  80% used [0x00000000d5550000, 0x00000000d706b3b8, 0x00000000d706b400, 0x00000000d76d4000)
 Metaspace       used 66152K, capacity 66932K, committed 67160K, reserved 1105920K
  class space    used 9517K, capacity 9696K, committed 9816K, reserved 1048576K
}
Event: 24.209 GC heap before
{Heap before GC invocations=156 (full 5):
 def new generation   total 15552K, used 6068K [0x00000000c0000000, 0x00000000c10d0000, 0x00000000d5550000)
  eden space 13888K,  39% used [0x00000000c0000000, 0x00000000c0550128, 0x00000000c0d90000)
  from space 1664K,  37% used [0x00000000c0f30000, 0x00000000c0fcd2a8, 0x00000000c10d0000)
  to   space 1664K,   0% used [0x00000000c0d90000, 0x00000000c0d90000, 0x00000000c0f30000)
 tenured generation   total 34320K, used 27756K [0x00000000d5550000, 0x00000000d76d4000, 0x0000000100000000)
   the space 34320K,  80% used [0x00000000d5550000, 0x00000000d706b3b8, 0x00000000d706b400, 0x00000000d76d4000)
 Metaspace       used 66167K, capacity 66932K, committed 67160K, reserved 1105920K
  class space    used 9519K, capacity 9696K, committed 9816K, reserved 1048576K
Event: 24.312 GC heap after
Heap after GC invocations=157 (full 6):
 def new generation   total 15936K, used 0K [0x00000000c0000000, 0x00000000c1140000, 0x00000000d5550000)
  eden space 14208K,   0% used [0x00000000c0000000, 0x00000000c0000000, 0x00000000c0de0000)
  from space 1728K,   0% used [0x00000000c0de0000, 0x00000000c0de0000, 0x00000000c0f90000)
  to   space 1728K,   0% used [0x00000000c0f90000, 0x00000000c0f90000, 0x00000000c1140000)
 tenured generation   total 35172K, used 21101K [0x00000000d5550000, 0x00000000d77a9000, 0x0000000100000000)
   the space 35172K,  59% used [0x00000000d5550000, 0x00000000d69eb6d0, 0x00000000d69eb800, 0x00000000d77a9000)
 Metaspace       used 66167K, capacity 66932K, committed 67160K, reserved 1105920K
  class space    used 9519K, capacity 9696K, committed 9816K, reserved 1048576K
}

